This is pdfTeX, Version 3.141592653-2.6-1.40.26 (TeX Live 2024) (preloaded format=pdflatex 2025.3.3)  25 FEB 2026 17:34
entering extended mode
 restricted \write18 enabled.
 file:line:error style messages enabled.
 %&-line parsing enabled.
**todo.tex
(./todo.tex
LaTeX2e <2024-11-01> patch level 2
L3 programming layer <2025-01-18>

./todo.tex:1: LaTeX Error: Missing \begin{document}.

See the LaTeX manual or LaTeX Companion for explanation.
Type  H <return>  for immediate help.
 ...                                              
                                                  
l.1 D
     AG: 
Here is how much of TeX's memory you used:
 15 strings out of 475171
 465 string characters out of 5763734
 386911 words of memory out of 5000000
 23112 multiletter control sequences out of 15000+600000
 558837 words of font info for 36 fonts, out of 8000000 for 9000
 14 hyphenation exceptions out of 8191
 15i,0n,18p,48b,14s stack positions out of 10000i,1000n,20000p,200000b,200000s

./todo.tex:1:  ==> Fatal error occurred, no output PDF file produced!
